<?xml version="1.0" encoding="UTF-8"?>
<!-- Generated by org.testng.reporters.JUnitXMLReporter -->
<testsuite hostname="Zekeriyas-MacBook-Pro-2.local" ignored="0" name="Default test" tests="4" failures="0" timestamp="23 Mar 2020 06:31:40 GMT" time="42.5" errors="0">
  <testcase name="getTitle" time="0.238" classname="com.hubspot.tests.LoginPageTest"/>
  <testcase name="loginTest1" time="4.035" classname="com.hubspot.tests.LoginPageTest"/>
  <testcase name="loginTest2" time="4.007" classname="com.hubspot.tests.LoginPageTest"/>
  <testcase name="loginTest3" time="3.585" classname="com.hubspot.tests.LoginPageTest"/>
</testsuite> <!-- Default test -->
