<?xml version="1.0" encoding="UTF-8"?>
<!-- Generated by org.testng.reporters.JUnitXMLReporter -->
<testsuite hostname="Zekeriyas-MacBook-Pro-2.local" ignored="0" name="Default test" tests="4" failures="0" timestamp="21 Mar 2020 02:43:02 GMT" time="30.99" errors="0">
  <testcase name="getTitle" time="0.021" classname="com.hubspot.tests.LoginPageTest"/>
  <testcase name="loginTest1" time="1.683" classname="com.hubspot.tests.LoginPageTest"/>
  <testcase name="loginTest2" time="0.917" classname="com.hubspot.tests.LoginPageTest"/>
  <testcase name="loginTest3" time="0.47" classname="com.hubspot.tests.LoginPageTest"/>
</testsuite> <!-- Default test -->
